<?xml version="1.0" encoding="UTF-8"?>
<testsuite name="com.wly.maven.ExampleUnitTest" tests="1" skipped="0" failures="0" errors="0" timestamp="2019-08-09T04:57:12" hostname="bogon" time="0.001">
  <properties/>
  <testcase name="addition_isCorrect" classname="com.wly.maven.ExampleUnitTest" time="0.001"/>
  <system-out><![CDATA[]]></system-out>
  <system-err><![CDATA[]]></system-err>
</testsuite>
